make all --print-data-base --no-builtin-variables --no-builtin-rules --question
# GNU Make 4.3
# Built for x86_64-pc-linux-gnu
# Copyright (C) 1988-2020 Free Software Foundation, Inc.
# License GPLv3+: GNU GPL version 3 or later <http://gnu.org/licenses/gpl.html>
# This is free software: you are free to change and redistribute it.
# There is NO WARRANTY, to the extent permitted by law.

# Make data base, printed on Wed Aug 28 18:27:58 2024

# Variables

# makefile (from 'Makefile', line 16)
OBJ = $(addprefix $(OBJ_DIR), $(OBJ_FILES))
# environment
GDK_BACKEND = x11
# environment
LC_ALL = C
# environment
SSH_AGENT_LAUNCHER = gnome-keyring
# environment
VSCODE_CRASH_REPORTER_PROCESS_TYPE = extensionHost
# environment
VSCODE_CWD = /home/samoore/philo/philo
# environment
LIBVIRT_DEFAULT_URI = qemu:///system
# environment
GDM_LANG = en
# default
MAKE_COMMAND := make
# environment
QT_ACCESSIBILITY = 1
# automatic
@D = $(patsubst %/,%,$(dir $@))
# makefile (from 'Makefile', line 15)
OBJ_DIR = ./obj/
# environment
VSCODE_HANDLES_UNCAUGHT_ERRORS = true
# default
.VARIABLES := 
# environment
PWD = /home/samoore/philo/philo
# automatic
%D = $(patsubst %/,%,$(dir $%))
# environment
MAIL = samoore@student.42london.com
# environment
XDG_DATA_DIRS = /usr/share/ubuntu:/usr/share/gnome:/usr/local/share:/usr/share:/var/lib/snapd/desktop
# environment
OLDPWD = /home/samoore/philo
# automatic
^D = $(patsubst %/,%,$(dir $^))
# automatic
%F = $(notdir $%)
# environment
VSCODE_CODE_CACHE_PATH = /home/samoore/.config/Code/CachedData/fee1edb8d6d72a0ddff41e5f71a671c23ed924b9
# environment
XDG_SESSION_PATH = /org/freedesktop/DisplayManager/Session3
# environment
LANG = C
# environment
XAUTHORITY = /home/samoore/.Xauthority
# default
.LOADED := 
# default
.INCLUDE_DIRS = /usr/local/include /usr/include /usr/include
# environment
GNOME_TERMINAL_SERVICE = :1.79
# makefile
MAKEFLAGS = pqrR
# makefile
CURDIR := /home/samoore/philo/philo
# environment
APPLICATION_INSIGHTS_NO_DIAGNOSTIC_CHANNEL = true
# environment
VSCODE_L10N_BUNDLE_LOCATION = 
# automatic
*D = $(patsubst %/,%,$(dir $*))
# environment
MFLAGS = -pqrR
# environment
SSH_AUTH_SOCK = /run/user/101194/keyring/ssh
# default
.SHELLFLAGS := -c
# environment
XDG_CONFIG_DIRS = /etc/xdg/xdg-ubuntu:/etc/xdg
# automatic
+D = $(patsubst %/,%,$(dir $+))
# environment
XDG_SESSION_DESKTOP = ubuntu
# makefile (from 'Makefile', line 1)
MAKEFILE_LIST := Makefile
# automatic
@F = $(notdir $@)
# environment
VSCODE_PID = 166059
# environment
KRB5CCNAME = FILE:/tmp/krb5cc_101194_mGXBrH
# environment
XDG_SESSION_TYPE = x11
# automatic
?D = $(patsubst %/,%,$(dir $?))
# environment
SESSION_MANAGER = local/c2r6s7.42london.com:@/tmp/.ICE-unix/140018,unix/c2r6s7.42london.com:/tmp/.ICE-unix/140018
# automatic
*F = $(notdir $*)
# environment
CHROME_DESKTOP = code-url-handler.desktop
# environment
DBUS_SESSION_BUS_ADDRESS = unix:path=/run/user/101194/bus
# automatic
<D = $(patsubst %/,%,$(dir $<))
# environment
VSCODE_NLS_CONFIG = {"userLocale":"en-us","osLocale":"en","resolvedLanguage":"en","defaultMessagesFile":"/usr/share/code/resources/app/out/nls.messages.json","locale":"en","availableLanguages":{}}
# default
MAKE_HOST := x86_64-pc-linux-gnu
# environment
GNOME_DESKTOP_SESSION_ID = this-is-deprecated
# makefile
SHELL = /bin/sh
# default
MAKECMDGOALS := all
# environment
XMODIFIERS = @im=ibus
# environment
SHLVL = 1
# environment
GNOME_TERMINAL_SCREEN = /org/gnome/Terminal/screen/8cf02c33_ecfe_4e99_a14c_d9a34cdd6997
# environment
MAKELEVEL := 0
# default
MAKE = $(MAKE_COMMAND)
# environment
PATH = /home/samoore/bin:/usr/local/sbin:/usr/local/bin:/usr/sbin:/usr/bin:/sbin:/bin:/usr/games:/usr/local/games:/snap/bin
# default
MAKEFILES := 
# environment
LANGUAGE = en
# automatic
^F = $(notdir $^)
# makefile (from 'Makefile', line 14)
OBJ_FILES = $(SRC_FILES:.c=.o)
# environment
DOCKER_HOST = unix:///run/user/101194/docker.sock
# automatic
?F = $(notdir $?)
# makefile (from 'Makefile', line 17)
NAME = philo
# environment
GTK_IM_MODULE = ibus
# environment
XDG_CURRENT_DESKTOP = Unity
# automatic
+F = $(notdir $+)
# environment
XDG_SEAT_PATH = /org/freedesktop/DisplayManager/Seat0
# environment
DESKTOP_SESSION = ubuntu
# environment
ORIGINAL_XDG_CURRENT_DESKTOP = ubuntu:GNOME
# 'override' directive
GNUMAKEFLAGS := 
# environment
LOGNAME = samoore
# makefile
.DEFAULT_GOAL := all
# environment
SYSTEMD_EXEC_PID = 140544
# makefile (from 'Makefile', line 20)
RM = rm -f
# environment
DISPLAY = :0
# environment
USER = samoore
# environment
GTK_MODULES = gail:atk-bridge
# default
MAKE_VERSION := 4.3
# makefile (from 'Makefile', line 13)
SRC_FILES = forks.c  init.c  locks.c  philo.c statics.c  time.c
# environment
_ = /usr/bin/code
# environment
XDG_RUNTIME_DIR = /run/user/101194
# makefile (from 'Makefile', line 21)
CFLAGS = -Wall -Wextra -Werror -g -lpthread
# environment
GPG_AGENT_INFO = /run/user/101194/gnupg/S.gpg-agent:0:1
# environment
COLORTERM = truecolor
# environment
XDG_SESSION_CLASS = user
# environment
VSCODE_AMD_ENTRYPOINT = vs/workbench/api/node/extensionHostProcess
# environment
HOME = /home/samoore
# environment
QT_IM_MODULE = ibus
# environment
ELECTRON_RUN_AS_NODE = 1
# environment
VSCODE_IPC_HOOK = /run/user/101194/vscode-b09c1acb-1.92-main.sock
# environment
TERM = xterm-256color
# environment
FT_HOOK_PATHNAME = login-user.d
# default
.RECIPEPREFIX := 
# automatic
<F = $(notdir $<)
# default
SUFFIXES := 
# environment
VSCODE_CLI = 1
# environment
FT_HOOK_NAME = login-user
# environment
ELECTRON_NO_ATTACH_CONSOLE = 1
# environment
VTE_VERSION = 6800
# environment
XDG_GREETER_DATA_DIR = /var/lib/lightdm-data/samoore
# default
.FEATURES := target-specific order-only second-expansion else-if shortest-stem undefine oneshell nocomment grouped-target extra-prereqs archives jobserver output-sync check-symlink load
# makefile (from 'Makefile', line 19)
CC = gcc
# environment
XDG_MENU_PREFIX = gnome-
# environment
GDMSESSION = ubuntu
# variable set hash-table stats:
# Load=109/1024=11%, Rehash=0, Collisions=13/156=8%

# Pattern-specific Variable Values

# No pattern-specific variable values.

# Directories

# . (device 2048, inode 8577477): 12 files, no impossibilities.

# 12 files, no impossibilities in 1 directories.

# Implicit Rules

# No implicit rules.

# Files

obj/time.o: time.c
#  Implicit rule search has not been done.
#  Implicit/static pattern stem: 'time'
#  Modification time never checked.
#  File has not been updated.
#  recipe to execute (from 'Makefile', line 29):
	mkdir -p $(OBJ_DIR)
	$(CC) $(CFLAGS) -c $< -o $@

obj/locks.o: locks.c
#  Implicit rule search has not been done.
#  Implicit/static pattern stem: 'locks'
#  Modification time never checked.
#  File has not been updated.
#  recipe to execute (from 'Makefile', line 29):
	mkdir -p $(OBJ_DIR)
	$(CC) $(CFLAGS) -c $< -o $@

obj/init.o: init.c
#  Implicit rule search has not been done.
#  Implicit/static pattern stem: 'init'
#  Modification time never checked.
#  File has not been updated.
#  recipe to execute (from 'Makefile', line 29):
	mkdir -p $(OBJ_DIR)
	$(CC) $(CFLAGS) -c $< -o $@

# Not a target:
Makefile:
#  Implicit rule search has been done.
#  Last modified 2024-08-28 18:26:04.761899113
#  File has been updated.
#  Successfully updated.

clean:
#  Phony target (prerequisite of .PHONY).
#  Implicit rule search has not been done.
#  File does not exist.
#  File has not been updated.
#  recipe to execute (from 'Makefile', line 33):
	$(RM) $(OBJ)
	$(RM) -r $(OBJ_DIR)

obj/statics.o: statics.c
 
#  Implicit rule search has not been done.
#  Implicit/static pattern stem: 'statics'
#  Modification time never checked.
#  File has not been updated.
#  recipe to execute (from 'Makefile', line 29):
	mkdir -p $(OBJ_DIR)
	$(CC) $(CFLAGS) -c $< -o $@

re: fclean all
#  Phony target (prerequisite of .PHONY).
#  Implicit rule search has not been done.
#  File does not exist.
#  File has not been updated.

# Not a target:
locks.c:
#  Implicit rule search has not been done.
#  Modification time never checked.
#  File has not been updated.

# Not a target:
.DEFAULT:
#  Implicit rule search has not been done.
#  Modification time never checked.
#  File has not been updated.

obj/philo.o: philo.c
#  Implicit rule search has not been done.
#  Implicit/static pattern stem: 'philo'
#  Modification time never checked.
#  File has not been updated.
#  recipe to execute (from 'Makefile', line 29):
	mkdir -p $(OBJ_DIR)
	$(CC) $(CFLAGS) -c $< -o $@

# Not a target:
philo.c:
#  Implicit rule search has not been done.
#  Modification time never checked.
#  File has not been updated.

all: philo
#  Phony target (prerequisite of .PHONY).
#  Command line target.
#  Implicit rule search has not been done.
#  File does not exist.
#  File has been updated.
#  Needs to be updated (-q is set).
# variable set hash-table stats:
# Load=0/32=0%, Rehash=0, Collisions=0/6=0%

# Not a target:
forks.c:
#  Implicit rule search has been done.
#  Last modified 2024-08-28 14:43:10.738417169
#  File has been updated.
#  Successfully updated.

fclean: clean
#  Phony target (prerequisite of .PHONY).
#  Implicit rule search has not been done.
#  File does not exist.
#  File has not been updated.
#  recipe to execute (from 'Makefile', line 37):
	$(RM) $(NAME)

# Not a target:
time.c:
#  Implicit rule search has not been done.
#  Modification time never checked.
#  File has not been updated.

# Not a target:
init.c:
#  Implicit rule search has not been done.
#  Modification time never checked.
#  File has not been updated.

philo: obj/forks.o obj/init.o obj/locks.o obj/philo.o obj/statics.o obj/time.o
#  Implicit rule search has not been done.
#  File does not exist.
#  File has been updated.
#  Needs to be updated (-q is set).
# variable set hash-table stats:
# Load=0/32=0%, Rehash=0, Collisions=0/6=0%
#  recipe to execute (from 'Makefile', line 26):
	$(CC) $(CFLAGS) $(OBJ) -o $(NAME)

.PHONY: all clean fclean re
#  Implicit rule search has not been done.
#  Modification time never checked.
#  File has not been updated.

obj/forks.o: forks.c
#  Implicit rule search has not been done.
#  Implicit/static pattern stem: 'forks'
#  File does not exist.
#  File has been updated.
#  Needs to be updated (-q is set).
# automatic
# @ := obj/forks.o
# automatic
# * := forks
# automatic
# < := forks.c
# automatic
# + := forks.c
# automatic
# % := 
# automatic
# ^ := forks.c
# automatic
# ? := forks.c
# automatic
# | := 
# variable set hash-table stats:
# Load=8/32=25%, Rehash=0, Collisions=2/16=12%
#  recipe to execute (from 'Makefile', line 29):
	mkdir -p $(OBJ_DIR)
	$(CC) $(CFLAGS) -c $< -o $@

# Not a target:
statics.c:
#  Implicit rule search has not been done.
#  Modification time never checked.
#  File has not been updated.

# files hash-table stats:
# Load=21/1024=2%, Rehash=0, Collisions=4/59=7%
# VPATH Search Paths

# No 'vpath' search paths.

# No general ('VPATH' variable) search path.

# strcache buffers: 1 (0) / strings = 35 / storage = 280 B / avg = 8 B
# current buf: size = 8162 B / used = 280 B / count = 35 / avg = 8 B

# strcache performance: lookups = 73 / hit rate = 52%
# hash-table stats:
# Load=35/8192=0%, Rehash=0, Collisions=1/73=1%
# Finished Make data base on Wed Aug 28 18:27:58 2024

 
